<?xml version="1.0" encoding="UTF-8"?>
<!-- Generated by org.testng.reporters.JUnitXMLReporter -->
<testsuite ignored="0" hostname="LAPTOP-3F2IV7FC" failures="0" tests="6" name="Add Employee through Excel Sheet" time="11.944" errors="0" timestamp="10 Sep 2021 22:00:22 GMT">
  <testcase classname="testcases.AddEmployee" name="VerifyUserOnAddEmployeeSection" time="0.937"/>
  <testcase classname="testcases.AddEmployee" name="VerifyAddEmployee" time="2.586"/>
  <testcase classname="testcases.AddEmployee" name="VerifyAddEmployee" time="2.117"/>
  <testcase classname="testcases.AddEmployee" name="VerifyAddEmployee" time="2.171"/>
  <testcase classname="testcases.AddEmployee" name="VerifyAddEmployee" time="1.985"/>
  <testcase classname="testcases.AddEmployee" name="VerifyAddEmployee" time="2.114"/>
</testsuite> <!-- Add Employee through Excel Sheet -->
