<?xml version="1.0" encoding="UTF-8"?>
<!-- Generated by org.testng.reporters.JUnitXMLReporter -->
<testsuite ignored="0" hostname="LAPTOP-3F2IV7FC" failures="0" tests="5" name="Add Job through excel record" time="9.201" errors="0" timestamp="10 Sep 2021 21:59:56 GMT">
  <testcase classname="testcases.AddJobTitle" name="VerifyUserOnAddJobTitlePage" time="1.153"/>
  <testcase classname="testcases.AddJobTitle" name="Add_JobTittle" time="2.426"/>
  <testcase classname="testcases.AddJobTitle" name="Add_JobTittle" time="1.983"/>
  <testcase classname="testcases.AddJobTitle" name="Add_JobTittle" time="2.254"/>
  <testcase classname="testcases.AddJobTitle" name="DeleteAllRecord" time="1.356"/>
</testsuite> <!-- Add Job through excel record -->
