<?xml version="1.0" encoding="UTF-8"?>
<!-- Generated by org.testng.reporters.JUnitXMLReporter -->
<testsuite ignored="0" hostname="LAPTOP-3F2IV7FC" failures="0" tests="6" name="Add Employee Record" time="14.185" errors="0" timestamp="15 Jul 2021 16:37:41 GMT">
  <testcase classname="testcases.AddEmployee" name="VerifyUserOnAddEmployeeSection" time="1.162"/>
  <testcase classname="testcases.AddEmployee" name="VerifyAddEmployee" time="2.876"/>
  <testcase classname="testcases.AddEmployee" name="VerifyAddEmployee" time="2.629"/>
  <testcase classname="testcases.AddEmployee" name="VerifyAddEmployee" time="2.529"/>
  <testcase classname="testcases.AddEmployee" name="VerifyAddEmployee" time="2.491"/>
  <testcase classname="testcases.AddEmployee" name="VerifyAddEmployee" time="2.435"/>
</testsuite> <!-- Add Employee Record -->
