<?xml version="1.0" encoding="UTF-8"?>
<!-- Generated by org.testng.reporters.JUnitXMLReporter -->
<testsuite ignored="0" hostname="LAPTOP-3F2IV7FC" failures="0" tests="4" name="Add Job" time="6.223" errors="0" timestamp="06 Jul 2021 21:18:21 GMT">
  <testcase classname="testcases.AddJobTitle" name="VerifyUserOnAddJobTitlePage" time="0.969"/>
  <testcase classname="testcases.AddJobTitle" name="Add_JobTittle" time="1.863"/>
  <testcase classname="testcases.AddJobTitle" name="Add_JobTittle" time="1.663"/>
  <testcase classname="testcases.AddJobTitle" name="Add_JobTittle" time="1.696"/>
</testsuite> <!-- Add Job -->
