<?xml version="1.0" encoding="UTF-8"?>
<!-- Generated by org.testng.reporters.JUnitXMLReporter -->
<testsuite ignored="0" hostname="LAPTOP-3F2IV7FC" failures="0" tests="4" name="Add Edit and Delete CustomField" time="5.647" errors="0" timestamp="10 Sep 2021 22:00:04 GMT">
  <testcase classname="testcases.CustomField" name="validateUserlandOnAccurateSection" time="1.467"/>
  <testcase classname="testcases.CustomField" name="VerifyAddCustomFieldSuccessfully" time="1.139"/>
  <testcase classname="testcases.CustomField" name="VerifyEditCustomFieldsuccessfully" time="1.492"/>
  <testcase classname="testcases.CustomField" name="DeleteCustomFieldSuccessfully" time="1.542"/>
</testsuite> <!-- Add Edit and Delete CustomField -->
