<?xml version="1.0" encoding="UTF-8"?>
<!-- Generated by org.testng.reporters.JUnitXMLReporter -->
<testsuite ignored="0" hostname="LAPTOP-3F2IV7FC" failures="0" tests="3" name="Add and Delete Reporting" time="3.109" errors="0" timestamp="10 Sep 2021 22:00:10 GMT">
  <testcase classname="testcases.ReportingMethod" name="ValidateUserLandOnAReportingMethods" time="1.023"/>
  <testcase classname="testcases.ReportingMethod" name="VerifyAddReportingMethod" time="1.144"/>
  <testcase classname="testcases.ReportingMethod" name="VerifyReportingMethodDeleteSuccessfully" time="0.937"/>
</testsuite> <!-- Add and Delete Reporting -->
