<?xml version="1.0" encoding="UTF-8"?>
<!-- Generated by org.testng.reporters.JUnitXMLReporter -->
<testsuite ignored="0" hostname="LAPTOP-3F2IV7FC" failures="0" tests="4" name="Add_Edit And Delete CustomField" time="4.764" errors="0" timestamp="06 Jul 2021 21:18:28 GMT">
  <testcase classname="testcases.CustomField" name="validateUserlandOnAccurateSection" time="1.191"/>
  <testcase classname="testcases.CustomField" name="VerifyAddCustomFieldSuccessfully" time="1.139"/>
  <testcase classname="testcases.CustomField" name="VerifyEditCustomFieldsuccessfully" time="1.248"/>
  <testcase classname="testcases.CustomField" name="DeleteCustomFieldSuccessfully" time="1.182"/>
</testsuite> <!-- Add_Edit And Delete CustomField -->
