<?xml version="1.0" encoding="UTF-8"?>
<!-- Generated by org.testng.reporters.JUnitXMLReporter -->
<testsuite ignored="0" hostname="LAPTOP-3F2IV7FC" failures="0" tests="6" name="AddEmployee" time="14.106" errors="0" timestamp="10 Jul 2021 23:23:15 GMT">
  <testcase classname="testcases.AddEmployee" name="VerifyUserOnAddEmployeeSection" time="2.306"/>
  <testcase classname="testcases.AddEmployee" name="VerifyAddEmployee" time="2.662"/>
  <testcase classname="testcases.AddEmployee" name="VerifyAddEmployee" time="2.227"/>
  <testcase classname="testcases.AddEmployee" name="VerifyAddEmployee" time="1.927"/>
  <testcase classname="testcases.AddEmployee" name="VerifyAddEmployee" time="2.024"/>
  <testcase classname="testcases.AddEmployee" name="VerifyAddEmployee" time="2.283"/>
</testsuite> <!-- AddEmployee -->
