<?xml version="1.0" encoding="UTF-8"?>
<!-- Generated by org.testng.reporters.JUnitXMLReporter -->
<testsuite ignored="0" hostname="LAPTOP-3F2IV7FC" failures="0" tests="3" name="Configure PIM" time="2.664" errors="0" timestamp="06 Jul 2021 21:18:24 GMT">
  <testcase classname="testcases.Configure" name="VerifyUserOnConfigurePimPage" time="1.465"/>
  <testcase classname="testcases.Configure" name="VerifyStatusOfCheckBoxesBeforeEdit" time="0.177"/>
  <testcase classname="testcases.Configure" name="Updatecheckboxes" time="1.016"/>
</testsuite> <!-- Configure PIM -->
