<?xml version="1.0" encoding="UTF-8"?>
<!-- Generated by org.testng.reporters.JUnitXMLReporter -->
<testsuite ignored="0" hostname="LAPTOP-3F2IV7FC" failures="0" tests="4" name="Data Import" time="2.893" errors="0" timestamp="06 Jul 2021 21:18:31 GMT">
  <testcase classname="testcases.DataImport" name="ValidateUserLandOnCorrectPage" time="1.073"/>
  <testcase classname="testcases.DataImport" name="VerifyFileSuccessfullyDownloaded" time="0.104"/>
  <testcase classname="testcases.DataImport" name="ValidateFileuploadSuccessfully" time="1.081"/>
  <testcase classname="testcases.DataImport" name="ValidationErrorShowOnEmptyFile" time="0.629"/>
</testsuite> <!-- Data Import -->
