<?xml version="1.0" encoding="UTF-8"?>
<!-- Generated by org.testng.reporters.JUnitXMLReporter -->
<testsuite ignored="0" hostname="LAPTOP-3F2IV7FC" failures="0" tests="2" name="Delete Employee Record" time="14.398" errors="0" timestamp="15 Jul 2021 16:37:56 GMT">
  <testcase classname="testcases.DeleteEmployee" name="DeleteEmployeeSelectedRecord" time="13.457"/>
  <testcase classname="testcases.DeleteEmployee" name="VerifyDeletedRecordNotFoundInList" time="0.936"/>
</testsuite> <!-- Delete Employee Record -->
