<?xml version="1.0" encoding="UTF-8"?>
<!-- Generated by org.testng.reporters.JUnitXMLReporter -->
<testsuite ignored="0" hostname="LAPTOP-3F2IV7FC" failures="0" tests="2" name="Delete Employee from list" time="12.362" errors="0" timestamp="10 Jul 2021 21:33:28 GMT">
  <testcase classname="testcases.DeleteEmployee" name="DeleteEmployeeSelectedRecord" time="11.556"/>
  <testcase classname="testcases.DeleteEmployee" name="VerifyDeletedRecordNotFoundInList" time="0.801"/>
</testsuite> <!-- Delete Employee from list -->
