<?xml version="1.0" encoding="UTF-8"?>
<!-- Generated by org.testng.reporters.JUnitXMLReporter -->
<testsuite ignored="0" hostname="LAPTOP-3F2IV7FC" failures="0" tests="2" name="Delete Employee which are added through excel sheet" time="11.189" errors="0" timestamp="10 Sep 2021 22:00:33 GMT">
  <testcase classname="testcases.DeleteEmployee" name="DeleteEmployeeSelectedRecord" time="10.467"/>
  <testcase classname="testcases.DeleteEmployee" name="VerifyDeletedRecordNotFoundInList" time="0.721"/>
</testsuite> <!-- Delete Employee which are added through excel sheet -->
