<?xml version="1.0" encoding="UTF-8"?>
<!-- Generated by org.testng.reporters.JUnitXMLReporter -->
<testsuite ignored="0" hostname="LAPTOP-3F2IV7FC" failures="0" tests="2" name="Edit And Delete User Successfully" time="11.852" errors="0" timestamp="28 Aug 2021 23:46:29 GMT">
  <testcase classname="testcases.Systemuser" name="VerifyEditRecord" time="10.614"/>
  <testcase classname="testcases.Systemuser" name="VerifyDeleteRecord" time="1.229"/>
</testsuite> <!-- Edit And Delete User Successfully -->
