<?xml version="1.0" encoding="UTF-8"?>
<!-- Generated by org.testng.reporters.JUnitXMLReporter -->
<testsuite ignored="0" hostname="LAPTOP-3F2IV7FC" failures="0" tests="13" name="Edit Employee record" time="29.494" errors="0" timestamp="10 Sep 2021 22:01:03 GMT">
  <testcase classname="testcases.EditEmployeeRecord" name="verifyDateValidationMesageshow" time="2.486"/>
  <testcase classname="testcases.EditEmployeeRecord" name="VerifyEmployeeRecordEditSuccessfully" time="2.315"/>
  <testcase classname="testcases.EditEmployeeRecord" name="VerifyCustomFieldEditSuccessfully" time="1.302"/>
  <testcase classname="testcases.EditEmployeeRecord" name="VerifyFileAttachmentSuccessfully" time="1.704"/>
  <testcase classname="testcases.EditEmployeeRecord" name="VerifyEmployeeProfilePictureUploadSuccessfully" time="1.672"/>
  <testcase classname="testcases.EditEmployeeRecord" name="VerifyContactDetailAddedSuccessfully" time="2.611"/>
  <testcase classname="testcases.EditEmployeeRecord" name="ValidateEmergencyContactAddedSuccessfully" time="2.366"/>
  <testcase classname="testcases.EditEmployeeRecord" name="ValidateImmigrationRecordAddedSuccessfully" time="2.273"/>
  <testcase classname="testcases.EditEmployeeRecord" name="ValidatejobEditSuccessfully" time="2.921"/>
  <testcase classname="testcases.EditEmployeeRecord" name="ValidateSalaryAddedSuccessfully" time="2.266"/>
  <testcase classname="testcases.EditEmployeeRecord" name="ValidateTaxExemptionAddedSuccessfully" time="1.806"/>
  <testcase classname="testcases.EditEmployeeRecord" name="ValidateMemberShipEditSuccessFully" time="3.065"/>
  <testcase classname="testcases.EditEmployeeRecord" name="ValidateEditEmployeeDeletedSuccessfully" time="2.696"/>
</testsuite> <!-- Edit Employee record -->
