<?xml version="1.0" encoding="UTF-8"?>
<!-- Generated by org.testng.reporters.JUnitXMLReporter -->
<testsuite ignored="0" hostname="LAPTOP-3F2IV7FC" failures="0" tests="3" name="Edit Configure" time="2.401" errors="0" timestamp="10 Sep 2021 21:59:58 GMT">
  <testcase classname="testcases.Configure" name="VerifyUserOnConfigurePimPage" time="1.06"/>
  <testcase classname="testcases.Configure" name="VerifyStatusOfCheckBoxesBeforeEdit" time="0.185"/>
  <testcase classname="testcases.Configure" name="Updatecheckboxes" time="1.151"/>
</testsuite> <!-- Edit Configure -->
