<?xml version="1.0" encoding="UTF-8"?>
<!-- Generated by org.testng.reporters.JUnitXMLReporter -->
<testsuite ignored="0" hostname="LAPTOP-3F2IV7FC" failures="0" tests="3" name="Login" time="4.062" errors="0" timestamp="12 Sep 2021 08:47:32 GMT">
  <testcase classname="testcases.Login" name="InvalidLogin" time="0.938"/>
  <testcase classname="testcases.Login" name="EmptyLogin" time="0.295"/>
  <testcase classname="testcases.Login" name="loginSuccessfully" time="2.803"/>
</testsuite> <!-- Login -->
