<?xml version="1.0" encoding="UTF-8"?>
<!-- Generated by org.testng.reporters.JUnitXMLReporter -->
<testsuite ignored="0" hostname="LAPTOP-3F2IV7FC" failures="0" tests="3" name="Reporting Method" time="2.535" errors="0" timestamp="06 Jul 2021 21:15:38 GMT">
  <testcase classname="testcases.ReportingMethod" name="ValidateUserLandOnAReportingMethods" time="0.938"/>
  <testcase classname="testcases.ReportingMethod" name="VerifyAddReportingMethod" time="0.912"/>
  <testcase classname="testcases.ReportingMethod" name="VerifyReportingMethodDeleteSuccessfully" time="0.679"/>
</testsuite> <!-- Reporting Method -->
