<?xml version="1.0" encoding="UTF-8"?>
<!-- Generated by org.testng.reporters.JUnitXMLReporter -->
<testsuite ignored="0" hostname="LAPTOP-3F2IV7FC" failures="1" tests="2" name="Add_User" time="2.085" errors="0" timestamp="21 Jun 2021 18:53:25 GMT">
  <testcase classname="testcases.User" name="SystemUser" time="1.739"/>
  <testcase classname="testcases.User" name="AddUser" time="0.005">
    <failure type="java.lang.IllegalArgumentException" message="Cannot find elements when the id is null.">
      <![CDATA[java.lang.IllegalArgumentException: Cannot find elements when the id is null.
at org.openqa.selenium.By$ById.<init>(By.java:171)
at org.openqa.selenium.By.id(By.java:52)
at testcases.User.AddUser(User.java:59)
... Removed 25 stack frames]]>
    </failure>
  </testcase> <!-- AddUser -->
</testsuite> <!-- Add_User -->
