<?xml version="1.0" encoding="UTF-8"?>
<!-- Generated by org.testng.reporters.JUnitXMLReporter -->
<testsuite ignored="0" hostname="LAPTOP-3F2IV7FC" failures="0" tests="3" name="LoginTest" time="5.111" errors="0" timestamp="02 Jul 2021 22:36:37 GMT">
  <testcase classname="testcases.Login" name="InvalidLogin" time="1.913"/>
  <testcase classname="testcases.Login" name="EmptyLogin" time="0.59"/>
  <testcase classname="testcases.Login" name="loginSuccessfully" time="2.567"/>
</testsuite> <!-- LoginTest -->
