<?xml version="1.0" encoding="UTF-8"?>
<testng-results ignored="0" total="4" passed="4" failed="0" skipped="0">
  <reporter-output>
    <line>
      <![CDATA[Invalid Credential message show]]>
    </line>
    <line>
      <![CDATA[Both Field empty]]>
    </line>
    <line>
      <![CDATA[Login successfully executed]]>
    </line>
    <line>
      <![CDATA[User Logout from application successfully]]>
    </line>
    <line>
      <![CDATA[test execution completed !!!]]>
    </line>
  </reporter-output>
  <suite started-at="2021-09-12T08:47:28Z" name="Functional Testing" finished-at="2021-09-12T08:47:35Z" duration-ms="7499">
    <groups>
    </groups>
    <test started-at="2021-09-12T08:47:28Z" name="Login" finished-at="2021-09-12T08:47:32Z" duration-ms="4062">
      <class name="testcases.Login">
        <test-method signature="InvalidLogin()[pri:1, instance:testcases.Login@120f38e6]" started-at="2021-09-12T08:47:28Z" name="InvalidLogin" finished-at="2021-09-12T08:47:29Z" duration-ms="938" status="PASS">
          <reporter-output>
            <line>
              <![CDATA[Invalid Credential message show]]>
            </line>
          </reporter-output>
        </test-method> <!-- InvalidLogin -->
        <test-method signature="EmptyLogin()[pri:2, instance:testcases.Login@120f38e6]" started-at="2021-09-12T08:47:29Z" name="EmptyLogin" finished-at="2021-09-12T08:47:29Z" duration-ms="295" status="PASS">
          <reporter-output>
            <line>
              <![CDATA[Both Field empty]]>
            </line>
          </reporter-output>
        </test-method> <!-- EmptyLogin -->
        <test-method signature="loginSuccessfully()[pri:3, instance:testcases.Login@120f38e6]" started-at="2021-09-12T08:47:29Z" name="loginSuccessfully" finished-at="2021-09-12T08:47:32Z" duration-ms="2803" status="PASS">
          <reporter-output>
            <line>
              <![CDATA[Login successfully executed]]>
            </line>
          </reporter-output>
        </test-method> <!-- loginSuccessfully -->
      </class> <!-- testcases.Login -->
    </test> <!-- Login -->
    <test started-at="2021-09-12T08:47:32Z" name="Logout From Application" finished-at="2021-09-12T08:47:35Z" duration-ms="3084">
      <class name="testcases.Logout">
        <test-method is-config="true" signature="setUp()[pri:0, instance:testcases.Logout@66238be2]" started-at="2021-09-12T08:47:19Z" name="setUp" finished-at="2021-09-12T08:47:28Z" duration-ms="9230" status="PASS">
          <reporter-output>
          </reporter-output>
        </test-method> <!-- setUp -->
        <test-method signature="logout()[pri:46, instance:testcases.Logout@66238be2]" started-at="2021-09-12T08:47:32Z" name="logout" finished-at="2021-09-12T08:47:35Z" duration-ms="3078" status="PASS">
          <reporter-output>
            <line>
              <![CDATA[User Logout from application successfully]]>
            </line>
          </reporter-output>
        </test-method> <!-- logout -->
        <test-method is-config="true" signature="tearDown()[pri:0, instance:testcases.Logout@66238be2]" started-at="2021-09-12T08:47:35Z" name="tearDown" finished-at="2021-09-12T08:47:39Z" duration-ms="3559" status="PASS">
          <reporter-output>
            <line>
              <![CDATA[test execution completed !!!]]>
            </line>
          </reporter-output>
        </test-method> <!-- tearDown -->
      </class> <!-- testcases.Logout -->
    </test> <!-- Logout From Application -->
  </suite> <!-- Functional Testing -->
</testng-results>
